<?xml version="1.0" encoding="UTF-8"?>
<!-- Generated by org.testng.reporters.JUnitXMLReporter -->
<testsuite ignored="7" hostname="abdulraheemPC" failures="0" tests="10" name="Default test" time="6.326" errors="0" timestamp="2025-05-01T21:08:17 EET">
  <testcase classname="AutomationFinalProject_april.AutomationFinalProject_april.AppTest" name="ChangeTheWebsiteLanaguage" time="0.572"/>
  <testcase classname="AutomationFinalProject_april.AutomationFinalProject_april.AppTest" name="ChangeTheWebsiteLanaguage" time="0.758"/>
  <testcase classname="AutomationFinalProject_april.AutomationFinalProject_april.AppTest" name="ChangeTheWebsiteLanaguage" time="0.434"/>
  <testcase classname="AutomationFinalProject_april.AutomationFinalProject_april.AppTest" name="ChangeTheWebsiteLanaguage" time="0.456"/>
  <testcase classname="AutomationFinalProject_april.AutomationFinalProject_april.AppTest" name="ChangeTheWebsiteLanaguage" time="0.305"/>
  <testcase classname="AutomationFinalProject_april.AutomationFinalProject_april.AppTest" name="ChangeTheWebsiteLanaguage" time="0.31"/>
  <testcase classname="AutomationFinalProject_april.AutomationFinalProject_april.AppTest" name="ChangeTheWebsiteLanaguage" time="0.35"/>
  <testcase classname="AutomationFinalProject_april.AutomationFinalProject_april.AppTest" name="ChangeTheWebsiteLanaguage" time="0.388"/>
  <testcase classname="AutomationFinalProject_april.AutomationFinalProject_april.AppTest" name="ChangeTheWebsiteLanaguage" time="0.355"/>
  <testcase classname="AutomationFinalProject_april.AutomationFinalProject_april.AppTest" name="ChangeTheWebsiteLanaguage" time="0.335"/>
  <testcase classname="AutomationFinalProject_april.AutomationFinalProject_april.AppTest" name="CheckCurrency" time="0.0">
    <ignored/>
  </testcase> <!-- CheckCurrency -->
  <testcase classname="AutomationFinalProject_april.AutomationFinalProject_april.AppTest" name="CheckWebSiteLanaguage" time="0.0">
    <ignored/>
  </testcase> <!-- CheckWebSiteLanaguage -->
  <testcase classname="AutomationFinalProject_april.AutomationFinalProject_april.AppTest" name="FlightReturnDate" time="0.0">
    <ignored/>
  </testcase> <!-- FlightReturnDate -->
  <testcase classname="AutomationFinalProject_april.AutomationFinalProject_april.AppTest" name="FLightDepatureDate" time="0.0">
    <ignored/>
  </testcase> <!-- FLightDepatureDate -->
  <testcase classname="AutomationFinalProject_april.AutomationFinalProject_april.AppTest" name="CheckContactNumber" time="0.0">
    <ignored/>
  </testcase> <!-- CheckContactNumber -->
  <testcase classname="AutomationFinalProject_april.AutomationFinalProject_april.AppTest" name="CheckHotelTabIsNotSelected" time="0.0">
    <ignored/>
  </testcase> <!-- CheckHotelTabIsNotSelected -->
  <testcase classname="AutomationFinalProject_april.AutomationFinalProject_april.AppTest" name="CheckQitafLogo" time="0.0">
    <ignored/>
  </testcase> <!-- CheckQitafLogo -->
</testsuite> <!-- Default test -->
