<?xml version="1.0" encoding="UTF-8"?>
<testng-results ignored="7" total="17" passed="10" failed="0" skipped="0">
  <reporter-output>
  </reporter-output>
  <suite started-at="2025-05-01T21:08:11 EET" name="Default suite" finished-at="2025-05-01T21:08:17 EET" duration-ms="6326">
    <groups>
    </groups>
    <test started-at="2025-05-01T21:08:11 EET" name="Default test" finished-at="2025-05-01T21:08:17 EET" duration-ms="6326">
      <class name="AutomationFinalProject_april.AutomationFinalProject_april.AppTest">
        <test-method is-config="true" signature="mySetup()[pri:0, instance:AutomationFinalProject_april.AutomationFinalProject_april.AppTest@2c532cd8]" started-at="2025-05-01T21:08:11 EET" name="mySetup" finished-at="2025-05-01T21:08:13 EET" duration-ms="2023" status="PASS">
          <reporter-output>
          </reporter-output>
        </test-method> <!-- mySetup -->
        <test-method signature="ChangeTheWebsiteLanaguage()[pri:8, instance:AutomationFinalProject_april.AutomationFinalProject_april.AppTest@2c532cd8]" started-at="2025-05-01T21:08:13 EET" name="ChangeTheWebsiteLanaguage" finished-at="2025-05-01T21:08:14 EET" duration-ms="572" status="PASS">
          <reporter-output>
          </reporter-output>
        </test-method> <!-- ChangeTheWebsiteLanaguage -->
        <test-method signature="ChangeTheWebsiteLanaguage()[pri:8, instance:AutomationFinalProject_april.AutomationFinalProject_april.AppTest@2c532cd8]" started-at="2025-05-01T21:08:14 EET" name="ChangeTheWebsiteLanaguage" finished-at="2025-05-01T21:08:15 EET" duration-ms="758" status="PASS">
          <reporter-output>
          </reporter-output>
        </test-method> <!-- ChangeTheWebsiteLanaguage -->
        <test-method signature="ChangeTheWebsiteLanaguage()[pri:8, instance:AutomationFinalProject_april.AutomationFinalProject_april.AppTest@2c532cd8]" started-at="2025-05-01T21:08:15 EET" name="ChangeTheWebsiteLanaguage" finished-at="2025-05-01T21:08:15 EET" duration-ms="434" status="PASS">
          <reporter-output>
          </reporter-output>
        </test-method> <!-- ChangeTheWebsiteLanaguage -->
        <test-method signature="ChangeTheWebsiteLanaguage()[pri:8, instance:AutomationFinalProject_april.AutomationFinalProject_april.AppTest@2c532cd8]" started-at="2025-05-01T21:08:15 EET" name="ChangeTheWebsiteLanaguage" finished-at="2025-05-01T21:08:15 EET" duration-ms="456" status="PASS">
          <reporter-output>
          </reporter-output>
        </test-method> <!-- ChangeTheWebsiteLanaguage -->
        <test-method signature="ChangeTheWebsiteLanaguage()[pri:8, instance:AutomationFinalProject_april.AutomationFinalProject_april.AppTest@2c532cd8]" started-at="2025-05-01T21:08:15 EET" name="ChangeTheWebsiteLanaguage" finished-at="2025-05-01T21:08:16 EET" duration-ms="305" status="PASS">
          <reporter-output>
          </reporter-output>
        </test-method> <!-- ChangeTheWebsiteLanaguage -->
        <test-method signature="ChangeTheWebsiteLanaguage()[pri:8, instance:AutomationFinalProject_april.AutomationFinalProject_april.AppTest@2c532cd8]" started-at="2025-05-01T21:08:16 EET" name="ChangeTheWebsiteLanaguage" finished-at="2025-05-01T21:08:16 EET" duration-ms="310" status="PASS">
          <reporter-output>
          </reporter-output>
        </test-method> <!-- ChangeTheWebsiteLanaguage -->
        <test-method signature="ChangeTheWebsiteLanaguage()[pri:8, instance:AutomationFinalProject_april.AutomationFinalProject_april.AppTest@2c532cd8]" started-at="2025-05-01T21:08:16 EET" name="ChangeTheWebsiteLanaguage" finished-at="2025-05-01T21:08:16 EET" duration-ms="350" status="PASS">
          <reporter-output>
          </reporter-output>
        </test-method> <!-- ChangeTheWebsiteLanaguage -->
        <test-method signature="ChangeTheWebsiteLanaguage()[pri:8, instance:AutomationFinalProject_april.AutomationFinalProject_april.AppTest@2c532cd8]" started-at="2025-05-01T21:08:16 EET" name="ChangeTheWebsiteLanaguage" finished-at="2025-05-01T21:08:17 EET" duration-ms="388" status="PASS">
          <reporter-output>
          </reporter-output>
        </test-method> <!-- ChangeTheWebsiteLanaguage -->
        <test-method signature="ChangeTheWebsiteLanaguage()[pri:8, instance:AutomationFinalProject_april.AutomationFinalProject_april.AppTest@2c532cd8]" started-at="2025-05-01T21:08:17 EET" name="ChangeTheWebsiteLanaguage" finished-at="2025-05-01T21:08:17 EET" duration-ms="355" status="PASS">
          <reporter-output>
          </reporter-output>
        </test-method> <!-- ChangeTheWebsiteLanaguage -->
        <test-method signature="ChangeTheWebsiteLanaguage()[pri:8, instance:AutomationFinalProject_april.AutomationFinalProject_april.AppTest@2c532cd8]" started-at="2025-05-01T21:08:17 EET" name="ChangeTheWebsiteLanaguage" finished-at="2025-05-01T21:08:17 EET" duration-ms="335" status="PASS">
          <reporter-output>
          </reporter-output>
        </test-method> <!-- ChangeTheWebsiteLanaguage -->
        <test-method is-config="true" signature="AfterMyTest()[pri:0, instance:AutomationFinalProject_april.AutomationFinalProject_april.AppTest@2c532cd8]" started-at="2025-05-01T21:08:17 EET" name="AfterMyTest" finished-at="2025-05-01T21:08:17 EET" duration-ms="0" status="PASS">
          <reporter-output>
          </reporter-output>
        </test-method> <!-- AfterMyTest -->
      </class> <!-- AutomationFinalProject_april.AutomationFinalProject_april.AppTest -->
    </test> <!-- Default test -->
  </suite> <!-- Default suite -->
</testng-results>
